This is e-pTeX, Version 3.14159265-p3.7.1-161114-2.6 (sjis.euc) (TeX Live 2017) (preloaded format=platex 2017.12.26)  30 JAN 2018 12:28
entering extended mode
 restricted \write18 enabled.
 file:line:error style messages enabled.
 %&-line parsing enabled.
**chap2.tex
(./chap2.tex
pLaTeX2e <2017/10/28>+3 (based on LaTeX2e <2017-04-15>)
Babel <3.15> and hyphenation patterns for 84 language(s) loaded.

./chap2.tex:1: LaTeX Error: Missing \begin{document}.

See the LaTeX manual or LaTeX Companion for explanation.
Type  H <return>  for immediate help.
 ...                                              
                                                  
l.1 本
      章では，様々な意味で理解することのできる原因や不具合について，言葉の定...

? 
./chap2.tex:1: Emergency stop.
 ...                                              
                                                  
l.1 本
      章では，様々な意味で理解することのできる原因や不具合について，言葉の定...

You're in trouble here.  Try typing  <return>  to proceed.
If that doesn't work, type  X <return>  to quit.

 
Here is how much of TeX's memory you used:
 5 strings out of 493643
 167 string characters out of 6148756
 54709 words of memory out of 5000000
 3700 multiletter control sequences out of 15000+600000
 7511 words of font info for 31 fonts, out of 8000000 for 9000
 929 hyphenation exceptions out of 8191
 5i,0n,4p,118b,14s stack positions out of 5000i,500n,10000p,200000b,80000s
No pages of output.
